
  .   ____          _            __ _ _
 /\\ / ___'_ __ _ _(_)_ __  __ _ \ \ \ \
( ( )\___ | '_ | '_| | '_ \/ _` | \ \ \ \
 \\/  ___)| |_)| | | | | || (_| |  ) ) ) )
  '  |____| .__|_| |_|_| |_\__, | / / / /
 =========|_|==============|___/=/_/_/_/
 :: Spring Boot ::               (v2.7.14)

2025-10-28 10:55:12.441  INFO 21985 --- [           main] App                                      : Starting App using Java 11.0.14.1 on codespaces-87f5f5 with PID 21985 (/workspaces/Laundry-Group-Project-/backend/target/backend-1.0-SNAPSHOT.jar started by codespace in /workspaces/Laundry-Group-Project-)
2025-10-28 10:55:12.451  INFO 21985 --- [           main] App                                      : No active profile set, falling back to 1 default profile: "default"
2025-10-28 10:55:13.443  INFO 21985 --- [           main] .s.d.r.c.RepositoryConfigurationDelegate : Bootstrapping Spring Data JPA repositories in DEFAULT mode.
2025-10-28 10:55:13.521  INFO 21985 --- [           main] .s.d.r.c.RepositoryConfigurationDelegate : Finished Spring Data repository scanning in 65 ms. Found 3 JPA repository interfaces.
2025-10-28 10:55:15.073  INFO 21985 --- [           main] o.s.b.w.embedded.tomcat.TomcatWebServer  : Tomcat initialized with port(s): 8080 (http)
2025-10-28 10:55:15.101  INFO 21985 --- [           main] o.apache.catalina.core.StandardService   : Starting service [Tomcat]
2025-10-28 10:55:15.102  INFO 21985 --- [           main] org.apache.catalina.core.StandardEngine  : Starting Servlet engine: [Apache Tomcat/9.0.78]
2025-10-28 10:55:15.233  INFO 21985 --- [           main] o.a.c.c.C.[Tomcat].[localhost].[/]       : Initializing Spring embedded WebApplicationContext
2025-10-28 10:55:15.234  INFO 21985 --- [           main] w.s.c.ServletWebServerApplicationContext : Root WebApplicationContext: initialization completed in 2615 ms
2025-10-28 10:55:15.306  INFO 21985 --- [           main] com.zaxxer.hikari.HikariDataSource       : HikariPool-1 - Starting...
2025-10-28 10:55:15.745  INFO 21985 --- [           main] com.zaxxer.hikari.HikariDataSource       : HikariPool-1 - Start completed.
2025-10-28 10:55:15.791  INFO 21985 --- [           main] o.s.b.a.h2.H2ConsoleAutoConfiguration    : H2 console available at '/h2-console'. Database available at 'jdbc:h2:file:./data/laundrydb'
2025-10-28 10:55:16.071  INFO 21985 --- [           main] o.hibernate.jpa.internal.util.LogHelper  : HHH000204: Processing PersistenceUnitInfo [name: default]
2025-10-28 10:55:16.136  INFO 21985 --- [           main] org.hibernate.Version                    : HHH000412: Hibernate ORM core version 5.6.15.Final
2025-10-28 10:55:16.397  INFO 21985 --- [           main] o.hibernate.annotations.common.Version   : HCANN000001: Hibernate Commons Annotations {5.1.2.Final}
2025-10-28 10:55:16.580  INFO 21985 --- [           main] org.hibernate.dialect.Dialect            : HHH000400: Using dialect: org.hibernate.dialect.H2Dialect
Hibernate: 
    
    drop table if exists machines CASCADE 
Hibernate: 
    
    drop table if exists ratings CASCADE 
Hibernate: 
    
    drop table if exists users CASCADE 
Hibernate: 
    
    create table machines (
       id bigint generated by default as identity,
        description varchar(255),
        location varchar(255),
        machine_number varchar(255) not null,
        status varchar(255),
        type varchar(255),
        usage_start_time timestamp,
        current_user_id bigint,
        primary key (id)
    )
Hibernate: 
    
    create table ratings (
       id bigint generated by default as identity,
        created_at timestamp,
        rating integer,
        service_id bigint,
        user_id bigint,
        primary key (id)
    )
Hibernate: 
    
    create table users (
       id bigint generated by default as identity,
        created_at timestamp not null,
        email varchar(255) not null,
        is_active boolean not null,
        name varchar(255) not null,
        password varchar(255) not null,
        role varchar(255),
        student_id varchar(255),
        updated_at timestamp not null,
        primary key (id)
    )
Hibernate: 
    
    alter table machines 
       add constraint UK_3692mdsxelya0npdjy1q0mkhc unique (machine_number)
Hibernate: 
    
    alter table users 
       add constraint UK_6dotkott2kjsp8vw4d0m25fb7 unique (email)
Hibernate: 
    
    alter table users 
       add constraint UK_qh3otyipv2k9hqte4a1abcyhq unique (student_id)
Hibernate: 
    
    alter table machines 
       add constraint FKj3mywq3r64qk9ei98nuwa2x2l 
       foreign key (current_user_id) 
       references users
2025-10-28 10:55:17.615  INFO 21985 --- [           main] o.h.e.t.j.p.i.JtaPlatformInitiator       : HHH000490: Using JtaPlatform implementation: [org.hibernate.engine.transaction.jta.platform.internal.NoJtaPlatform]
2025-10-28 10:55:17.629  INFO 21985 --- [           main] j.LocalContainerEntityManagerFactoryBean : Initialized JPA EntityManagerFactory for persistence unit 'default'
2025-10-28 10:55:18.582  WARN 21985 --- [           main] .s.s.UserDetailsServiceAutoConfiguration : 

Using generated security password: b38765c8-3d2b-4660-b539-d00ea4d4d795

This generated password is for development use only. Your security configuration must be updated before running your application in production.

2025-10-28 10:55:18.744  INFO 21985 --- [           main] o.s.s.web.DefaultSecurityFilterChain     : Will secure any request with [org.springframework.security.web.session.DisableEncodeUrlFilter@2fcd7d3f, org.springframework.security.web.context.request.async.WebAsyncManagerIntegrationFilter@27e7c77f, org.springframework.security.web.context.SecurityContextPersistenceFilter@2a869a16, org.springframework.security.web.header.HeaderWriterFilter@15c4af7a, org.springframework.security.web.authentication.logout.LogoutFilter@7e5843db, org.springframework.security.web.authentication.www.BasicAuthenticationFilter@714f3da4, org.springframework.security.web.savedrequest.RequestCacheAwareFilter@46aa712c, org.springframework.security.web.servletapi.SecurityContextHolderAwareRequestFilter@6ada9c0c, org.springframework.security.web.authentication.AnonymousAuthenticationFilter@6f70a21b, org.springframework.security.web.session.SessionManagementFilter@544e8149, org.springframework.security.web.access.ExceptionTranslationFilter@1645f294, org.springframework.security.web.access.intercept.FilterSecurityInterceptor@6d11ceef]
2025-10-28 10:55:18.819  WARN 21985 --- [           main] JpaBaseConfiguration$JpaWebConfiguration : spring.jpa.open-in-view is enabled by default. Therefore, database queries may be performed during view rendering. Explicitly configure spring.jpa.open-in-view to disable this warning
2025-10-28 10:55:18.927  WARN 21985 --- [           main] o.s.b.a.AutoConfigurationPackages        : @EnableAutoConfiguration was declared on a class in the default package. Automatic @Repository and @Entity scanning is not enabled.
2025-10-28 10:55:19.371  INFO 21985 --- [           main] o.s.b.w.embedded.tomcat.TomcatWebServer  : Tomcat started on port(s): 8080 (http) with context path ''
2025-10-28 10:55:19.386  INFO 21985 --- [           main] App                                      : Started App in 7.903 seconds (JVM running for 8.638)
