nohup: ignoring input

  .   ____          _            __ _ _
 /\\ / ___'_ __ _ _(_)_ __  __ _ \ \ \ \
( ( )\___ | '_ | '_| | '_ \/ _` | \ \ \ \
 \\/  ___)| |_)| | | | | || (_| |  ) ) ) )
  '  |____| .__|_| |_|_| |_\__, | / / / /
 =========|_|==============|___/=/_/_/_/
 :: Spring Boot ::               (v2.7.14)

2025-10-23 12:50:14.181  INFO 42006 --- [           main] th.mfu.App                               : Starting App v1.0-SNAPSHOT using Java 11.0.14.1 on codespaces-6a2fb8 with PID 42006 (/workspaces/Laundry-Group-Project-/backend/target/backend-1.0-SNAPSHOT.jar started by codespace in /workspaces/Laundry-Group-Project-/backend)
2025-10-23 12:50:14.190  INFO 42006 --- [           main] th.mfu.App                               : No active profile set, falling back to 1 default profile: "default"
2025-10-23 12:50:14.710  WARN 42006 --- [           main] ConfigServletWebServerApplicationContext : Exception encountered during context initialization - cancelling refresh attempt: org.springframework.beans.factory.BeanDefinitionStoreException: Failed to parse configuration class [th.mfu.App]; nested exception is org.springframework.context.annotation.ConflictingBeanDefinitionException: Annotation-specified bean name 'passwordConfig' for bean class [th.mfu.config.PasswordConfig] conflicts with existing, non-compatible bean definition of same name and class [th.mfu.PasswordConfig]
2025-10-23 12:50:14.771 ERROR 42006 --- [           main] o.s.boot.SpringApplication               : Application run failed

org.springframework.beans.factory.BeanDefinitionStoreException: Failed to parse configuration class [th.mfu.App]; nested exception is org.springframework.context.annotation.ConflictingBeanDefinitionException: Annotation-specified bean name 'passwordConfig' for bean class [th.mfu.config.PasswordConfig] conflicts with existing, non-compatible bean definition of same name and class [th.mfu.PasswordConfig]
	at org.springframework.context.annotation.ConfigurationClassParser.parse(ConfigurationClassParser.java:188) ~[spring-context-5.3.29.jar!/:5.3.29]
	at org.springframework.context.annotation.ConfigurationClassPostProcessor.processConfigBeanDefinitions(ConfigurationClassPostProcessor.java:331) ~[spring-context-5.3.29.jar!/:5.3.29]
	at org.springframework.context.annotation.ConfigurationClassPostProcessor.postProcessBeanDefinitionRegistry(ConfigurationClassPostProcessor.java:247) ~[spring-context-5.3.29.jar!/:5.3.29]
	at org.springframework.context.support.PostProcessorRegistrationDelegate.invokeBeanDefinitionRegistryPostProcessors(PostProcessorRegistrationDelegate.java:311) ~[spring-context-5.3.29.jar!/:5.3.29]
	at org.springframework.context.support.PostProcessorRegistrationDelegate.invokeBeanFactoryPostProcessors(PostProcessorRegistrationDelegate.java:112) ~[spring-context-5.3.29.jar!/:5.3.29]
	at org.springframework.context.support.AbstractApplicationContext.invokeBeanFactoryPostProcessors(AbstractApplicationContext.java:748) ~[spring-context-5.3.29.jar!/:5.3.29]
	at org.springframework.context.support.AbstractApplicationContext.refresh(AbstractApplicationContext.java:564) ~[spring-context-5.3.29.jar!/:5.3.29]
	at org.springframework.boot.web.servlet.context.ServletWebServerApplicationContext.refresh(ServletWebServerApplicationContext.java:147) ~[spring-boot-2.7.14.jar!/:2.7.14]
	at org.springframework.boot.SpringApplication.refresh(SpringApplication.java:731) ~[spring-boot-2.7.14.jar!/:2.7.14]
	at org.springframework.boot.SpringApplication.refreshContext(SpringApplication.java:408) ~[spring-boot-2.7.14.jar!/:2.7.14]
	at org.springframework.boot.SpringApplication.run(SpringApplication.java:307) ~[spring-boot-2.7.14.jar!/:2.7.14]
	at org.springframework.boot.SpringApplication.run(SpringApplication.java:1303) ~[spring-boot-2.7.14.jar!/:2.7.14]
	at org.springframework.boot.SpringApplication.run(SpringApplication.java:1292) ~[spring-boot-2.7.14.jar!/:2.7.14]
	at th.mfu.App.main(App.java:9) ~[classes!/:1.0-SNAPSHOT]
	at java.base/jdk.internal.reflect.NativeMethodAccessorImpl.invoke0(Native Method) ~[na:na]
	at java.base/jdk.internal.reflect.NativeMethodAccessorImpl.invoke(NativeMethodAccessorImpl.java:62) ~[na:na]
	at java.base/jdk.internal.reflect.DelegatingMethodAccessorImpl.invoke(DelegatingMethodAccessorImpl.java:43) ~[na:na]
	at java.base/java.lang.reflect.Method.invoke(Method.java:566) ~[na:na]
	at org.springframework.boot.loader.MainMethodRunner.run(MainMethodRunner.java:49) ~[backend-1.0-SNAPSHOT.jar:1.0-SNAPSHOT]
	at org.springframework.boot.loader.Launcher.launch(Launcher.java:108) ~[backend-1.0-SNAPSHOT.jar:1.0-SNAPSHOT]
	at org.springframework.boot.loader.Launcher.launch(Launcher.java:58) ~[backend-1.0-SNAPSHOT.jar:1.0-SNAPSHOT]
	at org.springframework.boot.loader.JarLauncher.main(JarLauncher.java:65) ~[backend-1.0-SNAPSHOT.jar:1.0-SNAPSHOT]
Caused by: org.springframework.context.annotation.ConflictingBeanDefinitionException: Annotation-specified bean name 'passwordConfig' for bean class [th.mfu.config.PasswordConfig] conflicts with existing, non-compatible bean definition of same name and class [th.mfu.PasswordConfig]
	at org.springframework.context.annotation.ClassPathBeanDefinitionScanner.checkCandidate(ClassPathBeanDefinitionScanner.java:349) ~[spring-context-5.3.29.jar!/:5.3.29]
	at org.springframework.context.annotation.ClassPathBeanDefinitionScanner.doScan(ClassPathBeanDefinitionScanner.java:287) ~[spring-context-5.3.29.jar!/:5.3.29]
	at org.springframework.context.annotation.ComponentScanAnnotationParser.parse(ComponentScanAnnotationParser.java:128) ~[spring-context-5.3.29.jar!/:5.3.29]
	at org.springframework.context.annotation.ConfigurationClassParser.doProcessConfigurationClass(ConfigurationClassParser.java:295) ~[spring-context-5.3.29.jar!/:5.3.29]
	at org.springframework.context.annotation.ConfigurationClassParser.processConfigurationClass(ConfigurationClassParser.java:249) ~[spring-context-5.3.29.jar!/:5.3.29]
	at org.springframework.context.annotation.ConfigurationClassParser.parse(ConfigurationClassParser.java:206) ~[spring-context-5.3.29.jar!/:5.3.29]
	at org.springframework.context.annotation.ConfigurationClassParser.parse(ConfigurationClassParser.java:174) ~[spring-context-5.3.29.jar!/:5.3.29]
	... 21 common frames omitted

